<?xml version="1.0" encoding="UTF-8"?>
<testsuite name="HelloWorldTest" tests="1" skipped="0" failures="0" errors="0" timestamp="2019-02-04T09:30:16" hostname="HJD024632" time="0.004">
  <properties/>
  <testcase name="sumOfTwoNumTest" classname="HelloWorldTest" time="0.004"/>
  <system-out><![CDATA[]]></system-out>
  <system-err><![CDATA[]]></system-err>
</testsuite>
